Building DAG of jobs...
Using shell: /bin/bash
Provided cores: 1
Rules claiming more threads will be scaled down.
Job counts:
	count	jobs
	1	get_genes
	1

rule get_genes:
    input: ../Blok11/data/RNA-Seq-counts.txt
    output: ../Blok11/ID.csv
    jobid: 0

Waiting at most 5 seconds for missing files.
MissingOutputException in line 9 of /home/lisanne/project11.venv/Snakefile:
Missing files after 5 seconds:
../Blok11/ID.csv
This might be due to filesystem latency. If that is the case, consider to increase the wait time with --latency-wait.
Shutting down, this might take some time.
Exiting because a job execution failed. Look above for error message
Complete log: /home/lisanne/project11.venv/.snakemake/log/2018-06-04T182802.353760.snakemake.log
