Building DAG of jobs...
Using shell: /bin/bash
Provided cores: 1
Rules claiming more threads will be scaled down.
Job counts:
	count	jobs
	1	calc_gc
	1	final
	2

rule calc_gc:
    input: nc_sequences.txt
    output: GC.pdf
    jobid: 4

Terminating processes on user request, this might take some time.
    Error in rule calc_gc:
        jobid: 4
        output: GC.pdf

RuleException:
CalledProcessError in line 50 of /home/lisanne/project11.venv/Snakefile:
Command ' set -euo pipefail;  Rscript /home/lisanne/project11.venv/.snakemake.4uwf7qbu.gc_perc.R ' returned non-zero exit status 1.
  File "/home/lisanne/project11.venv/Snakefile", line 50, in __rule_calc_gc
  File "/home/lisanne/miniconda3/lib/python3.6/concurrent/futures/thread.py", line 56, in run
Complete log: /home/lisanne/project11.venv/.snakemake/log/2018-06-08T224029.769787.snakemake.log
