Building DAG of jobs...
Using shell: /bin/bash
Provided cores: 1
Rules claiming more threads will be scaled down.
Job counts:
	count	jobs
	1	calc_gc
	1	final
	1	get_nc_sequence
	3

rule get_nc_sequence:
    input: ID.csv
    output: nc_sequences.txt
    jobid: 5

Finished job 5.
1 of 3 steps (33%) done

rule calc_gc:
    input: nc_sequences.txt
    output: GC.pdf
    jobid: 6

    Error in rule calc_gc:
        jobid: 6
        output: GC.pdf

RuleException:
CalledProcessError in line 50 of /home/lisanne/project11.venv/Snakefile:
Command ' set -euo pipefail;  Rscript /home/lisanne/project11.venv/.snakemake.6rve70zu.gc_perc.R ' returned non-zero exit status 1.
  File "/home/lisanne/project11.venv/Snakefile", line 50, in __rule_calc_gc
  File "/home/lisanne/miniconda3/lib/python3.6/concurrent/futures/thread.py", line 56, in run
Shutting down, this might take some time.
Exiting because a job execution failed. Look above for error message
Complete log: /home/lisanne/project11.venv/.snakemake/log/2018-06-08T162918.185357.snakemake.log
