Building DAG of jobs...
Using shell: /bin/bash
Provided cores: 1
Rules claiming more threads will be scaled down.
Job counts:
	count	jobs
	1	co_occurence
	1	final
	1	get_all_ids
	1	get_genes
	1	get_pubmed_ids
	5

rule get_all_ids:
    input: ../Blok11/data/RNA-Seq-counts.txt
    output: groot_ID.csv
    jobid: 4

Finished job 4.
1 of 5 steps (20%) done

rule get_pubmed_ids:
    input: groot_ID.csv
    output: pubmedids.csv
    jobid: 5

Terminating processes on user request, this might take some time.
    Error in rule get_pubmed_ids:
        jobid: 5
        output: pubmedids.csv

RuleException:
CalledProcessError in line 30 of /home/lisanne/project11.venv/Snakefile:
Command ' set -euo pipefail;  /home/lisanne/miniconda3/bin/python /home/lisanne/project11.venv/.snakemake.2_3magn7.pubmedid.py ' returned non-zero exit status 1.
  File "/home/lisanne/project11.venv/Snakefile", line 30, in __rule_get_pubmed_ids
  File "/home/lisanne/miniconda3/lib/python3.6/concurrent/futures/thread.py", line 56, in run
Complete log: /home/lisanne/project11.venv/.snakemake/log/2018-06-08T115642.746855.snakemake.log
