Building DAG of jobs...
Using shell: /bin/bash
Provided cores: 1
Rules claiming more threads will be scaled down.
Job counts:
	count	jobs
	1	final
	1	get_nc_sequence
	2

rule get_nc_sequence:
    input: ID.csv
    output: nc_sequences.txt
    jobid: 4

Finished job 4.
1 of 2 steps (50%) done

localrule final:
    input: ID.csv, groot_ID.csv, sequences.fasta, functions_per_id.csv, pubmedids.csv, SamplesInSamePubmedArticle.csv, allpathways.csv, nc_sequences.txt
    jobid: 0

Finished job 0.
2 of 2 steps (100%) done
Complete log: /home/lisanne/project11.venv/.snakemake/log/2018-06-08T232737.509000.snakemake.log
