Building DAG of jobs...
Using shell: /bin/bash
Provided cores: 1
Rules claiming more threads will be scaled down.
Job counts:
	count	jobs
	1	calc_gc
	1	final
	2

rule calc_gc:
    input: nc_sequences.txt
    output: GC.pdf
    jobid: 8

    Error in rule calc_gc:
        jobid: 8
        output: GC.pdf

RuleException:
CalledProcessError in line 50 of /home/lisanne/project11.venv/Snakefile:
Command ' set -euo pipefail;  Rscript /home/lisanne/project11.venv/.snakemake.ae6a369u.gc_perc.R ' returned non-zero exit status 1.
  File "/home/lisanne/project11.venv/Snakefile", line 50, in __rule_calc_gc
  File "/home/lisanne/miniconda3/lib/python3.6/concurrent/futures/thread.py", line 56, in run
Shutting down, this might take some time.
Exiting because a job execution failed. Look above for error message
Complete log: /home/lisanne/project11.venv/.snakemake/log/2018-06-08T161926.754126.snakemake.log
