Building DAG of jobs...
Using shell: /bin/bash
Provided cores: 1
Rules claiming more threads will be scaled down.
Job counts:
	count	jobs
	1	calc_gc
	1	final
	2

rule calc_gc:
    input: nc_sequences.txt
    output: GC.pdf
    jobid: 6

Waiting at most 5 seconds for missing files.
MissingOutputException in line 47 of /home/lisanne/project11.venv/Snakefile:
Missing files after 5 seconds:
GC.pdf
This might be due to filesystem latency. If that is the case, consider to increase the wait time with --latency-wait.
Shutting down, this might take some time.
Exiting because a job execution failed. Look above for error message
Complete log: /home/lisanne/project11.venv/.snakemake/log/2018-06-08T163301.323328.snakemake.log
