Building DAG of jobs...
Using shell: /bin/bash
Provided cores: 1
Rules claiming more threads will be scaled down.
Job counts:
	count	jobs
	1	co_occurence
	1	final
	2

rule co_occurence:
    input: pubmedids.csv
    output: SamplesInSamePubmedArticle.csv
    jobid: 5

Finished job 5.
1 of 2 steps (50%) done

localrule final:
    input: ID.csv, groot_ID.csv, sequences.fasta, pubmedids.csv, SamplesInSamePubmedArticle.csv
    jobid: 0

Finished job 0.
2 of 2 steps (100%) done
Complete log: /home/lisanne/project11.venv/.snakemake/log/2018-06-08T115210.796242.snakemake.log
