Building DAG of jobs...
Using shell: /bin/bash
Provided cores: 1
Rules claiming more threads will be scaled down.
Job counts:
	count	jobs
	1	final
	1	get_genes
	1	get_ids
	1	get_pubmed_ids
	4

rule get_ids:
    input: ../Blok11/data/RNA-Seq-counts.txt
    output: ID.csv
    jobid: 3

Finished job 3.
1 of 4 steps (25%) done

rule get_pubmed_ids:
    input: ID.csv
    output: pubmedids.csv
    jobid: 1

Finished job 1.
2 of 4 steps (50%) done

rule get_genes:
    input: ID.csv
    output: sequences.fasta
    jobid: 2

Finished job 2.
3 of 4 steps (75%) done

localrule final:
    input: ID.csv, sequences.fasta, pubmedids.csv
    jobid: 0

Finished job 0.
4 of 4 steps (100%) done
Complete log: /home/lisanne/project11.venv/.snakemake/log/2018-06-08T085405.274294.snakemake.log
