Building DAG of jobs...
Using shell: /bin/bash
Provided cores: 1
Rules claiming more threads will be scaled down.
Job counts:
	count	jobs
	1	co_occurence
	1	get_pubmed_ids
	1	kegg
	1	report
	4

rule get_pubmed_ids:
    input: groot_ID.csv
    output: pubmedids.csv
    jobid: 4

Finished job 4.
1 of 4 steps (25%) done

rule co_occurence:
    input: pubmedids.csv
    output: SamplesInSamePubmedArticle.csv
    jobid: 1

Finished job 1.
2 of 4 steps (50%) done

rule kegg:
    input: ID.csv
    output: allpathways.csv
    jobid: 2

Finished job 2.
3 of 4 steps (75%) done

localrule report:
    input: pubmedids.csv, SamplesInSamePubmedArticle.csv, allpathways.csv, functions_per_id.csv
    output: tabellen.html
    jobid: 0

Waiting at most 5 seconds for missing files.
MissingOutputException in line 59 of /home/lisanne/project11.venv/Snakefile:
Missing files after 5 seconds:
tabellen.html
This might be due to filesystem latency. If that is the case, consider to increase the wait time with --latency-wait.
Shutting down, this might take some time.
Exiting because a job execution failed. Look above for error message
Complete log: /home/lisanne/project11.venv/.snakemake/log/2018-06-08T225454.146186.snakemake.log
