Building DAG of jobs...
Using shell: /bin/bash
Provided cores: 1
Rules claiming more threads will be scaled down.
Job counts:
	count	jobs
	1	final
	1	genes
	2

rule genes:
    input: ../Blok11/ID.csv
    output: ../Documenten/Informatica11/Project11/sequences.fasta
    jobid: 1

    Error in rule genes:
        jobid: 1
        output: ../Documenten/Informatica11/Project11/sequences.fasta

RuleException:
CalledProcessError in line 17 of /home/lisanne/project11.venv/Snakefile:
Command ' set -euo pipefail;  /home/lisanne/miniconda3/bin/python /home/lisanne/Documenten/Informatica11/Project11/.snakemake.dwtzn4j1.function_gene.py ' returned non-zero exit status 1.
  File "/home/lisanne/project11.venv/Snakefile", line 17, in __rule_genes
  File "/home/lisanne/miniconda3/lib/python3.6/concurrent/futures/thread.py", line 56, in run
Shutting down, this might take some time.
Exiting because a job execution failed. Look above for error message
Complete log: /home/lisanne/project11.venv/.snakemake/log/2018-06-01T224758.758353.snakemake.log
