Building DAG of jobs...
Using shell: /bin/bash
Provided cores: 1
Rules claiming more threads will be scaled down.
Job counts:
	count	jobs
	1	final
	1	kegg
	2

rule kegg:
    input: ID.csv
    output: allpathways.csv
    jobid: 4

Finished job 4.
1 of 2 steps (50%) done

localrule final:
    input: ID.csv, groot_ID.csv, sequences.fasta, pubmedids.csv, SamplesInSamePubmedArticle.csv, allpathways.csv
    jobid: 0

Finished job 0.
2 of 2 steps (100%) done
Complete log: /home/lisanne/project11.venv/.snakemake/log/2018-06-08T134753.803997.snakemake.log
