Building DAG of jobs...
Using shell: /bin/bash
Provided cores: 1
Rules claiming more threads will be scaled down.
Job counts:
	count	jobs
	1	final
	1	get_nc_sequence
	1	report
	3

localrule report:
    input: pubmedids.csv, SamplesInSamePubmedArticle.csv, allpathways.csv, functions_per_id.csv
    output: tabellen.html
    jobid: 7

Waiting at most 5 seconds for missing files.
MissingOutputException in line 59 of /home/lisanne/project11.venv/Snakefile:
Missing files after 5 seconds:
tabellen.html
This might be due to filesystem latency. If that is the case, consider to increase the wait time with --latency-wait.
Shutting down, this might take some time.
Exiting because a job execution failed. Look above for error message
Complete log: /home/lisanne/project11.venv/.snakemake/log/2018-06-08T232708.132106.snakemake.log
