Building DAG of jobs...
Using shell: /bin/bash
Provided cores: 1
Rules claiming more threads will be scaled down.
Job counts:
	count	jobs
	1	final
	1	get_genes
	2

rule get_genes:
    input: ../Documenten/Informatica11/Project11/RNA-Seq-counts.txt
    output: ../Blok11/ID.csv
    jobid: 1

    Error in rule get_genes:
        jobid: 1
        output: ../Blok11/ID.csv

RuleException:
CalledProcessError in line 11 of /home/lisanne/project11.venv/Snakefile:
Command ' set -euo pipefail;  Rscript /home/lisanne/Blok11/Informatica11/.snakemake.d7svp1hp.inlezen.R ' returned non-zero exit status 1.
  File "/home/lisanne/project11.venv/Snakefile", line 11, in __rule_get_genes
  File "/home/lisanne/miniconda3/lib/python3.6/concurrent/futures/thread.py", line 56, in run
Shutting down, this might take some time.
Exiting because a job execution failed. Look above for error message
Complete log: /home/lisanne/project11.venv/.snakemake/log/2018-06-04T164658.306214.snakemake.log
