Building DAG of jobs...
Using shell: /bin/bash
Provided cores: 1
Rules claiming more threads will be scaled down.
Job counts:
	count	jobs
	1	calc_gc
	1	co_occurence
	1	final
	1	get_all_ids
	1	get_genes
	1	get_nc_sequence
	1	get_pubmed_ids
	1	get_some_ids
	1	kegg
	9

rule get_all_ids:
    input: ../Blok11/data/RNA-Seq-counts.txt
    output: groot_ID.csv
    jobid: 3

Finished job 3.
1 of 9 steps (11%) done

rule get_some_ids:
    input: ../Blok11/data/RNA-Seq-counts.txt
    output: ID.csv
    jobid: 7

Finished job 7.
2 of 9 steps (22%) done

rule get_pubmed_ids:
    input: groot_ID.csv
    output: pubmedids.csv
    jobid: 1

Terminating processes on user request, this might take some time.
    Error in rule get_pubmed_ids:
        jobid: 1
        output: pubmedids.csv

RuleException:
CalledProcessError in line 30 of /home/lisanne/project11.venv/Snakefile:
Command ' set -euo pipefail;  /home/lisanne/miniconda3/bin/python /home/lisanne/project11.venv/.snakemake.d0ltr9pe.pubmedid.py ' returned non-zero exit status 1.
  File "/home/lisanne/project11.venv/Snakefile", line 30, in __rule_get_pubmed_ids
  File "/home/lisanne/miniconda3/lib/python3.6/concurrent/futures/thread.py", line 56, in run
Complete log: /home/lisanne/project11.venv/.snakemake/log/2018-06-08T224044.891643.snakemake.log
